2018-03-09 14:48:58.445 [main] ERROR o.s.boot.logging.LoggingApplicationListener - Cannot set level: on for 'com.vcyber.user.controller'
2018-03-09 14:48:58.535 [main] INFO  com.vcyber.UserApplication - Starting UserApplication on gaowh with PID 41684 (H:\gwh\spring\SpringDataJPA\target\classes started by vcyber in H:\gwh\spring\SpringDataJPA)
2018-03-09 14:48:58.538 [main] INFO  com.vcyber.UserApplication - No active profile set, falling back to default profiles: default
2018-03-09 14:48:58.698 [main] INFO  o.s.b.c.e.AnnotationConfigEmbeddedWebApplicationContext - Refreshing org.springframework.boot.context.embedded.AnnotationConfigEmbeddedWebApplicationContext@6069db50: startup date [Fri Mar 09 14:48:58 CST 2018]; root of context hierarchy
2018-03-09 14:48:58.927 [background-preinit] INFO  org.hibernate.validator.internal.util.Version - HV000001: Hibernate Validator 5.3.4.Final
2018-03-09 14:48:59.956 [main] INFO  o.s.c.s.PostProcessorRegistrationDelegate$BeanPostProcessorChecker - Bean 'org.springframework.transaction.annotation.ProxyTransactionManagementConfiguration' of type [org.springframework.transaction.annotation.ProxyTransactionManagementConfiguration$$EnhancerBySpringCGLIB$$1617c84b] is not eligible for getting processed by all BeanPostProcessors (for example: not eligible for auto-proxying)
2018-03-09 14:49:00.249 [main] INFO  o.s.b.c.e.tomcat.TomcatEmbeddedServletContainer - Tomcat initialized with port(s): 8080 (http)
2018-03-09 14:49:00.259 [main] INFO  org.apache.catalina.core.StandardService - Starting service Tomcat
2018-03-09 14:49:00.260 [main] INFO  org.apache.catalina.core.StandardEngine - Starting Servlet Engine: Apache Tomcat/8.5.11
2018-03-09 14:49:00.371 [localhost-startStop-1] INFO  o.a.c.core.ContainerBase.[Tomcat].[localhost].[/] - Initializing Spring embedded WebApplicationContext
2018-03-09 14:49:00.372 [localhost-startStop-1] INFO  org.springframework.web.context.ContextLoader - Root WebApplicationContext: initialization completed in 1675 ms
2018-03-09 14:49:00.568 [localhost-startStop-1] INFO  o.s.boot.web.servlet.ServletRegistrationBean - Mapping servlet: 'dispatcherServlet' to [/]
2018-03-09 14:49:00.572 [localhost-startStop-1] INFO  o.s.boot.web.servlet.FilterRegistrationBean - Mapping filter: 'characterEncodingFilter' to: [/*]
2018-03-09 14:49:00.572 [localhost-startStop-1] INFO  o.s.boot.web.servlet.FilterRegistrationBean - Mapping filter: 'hiddenHttpMethodFilter' to: [/*]
2018-03-09 14:49:00.572 [localhost-startStop-1] INFO  o.s.boot.web.servlet.FilterRegistrationBean - Mapping filter: 'httpPutFormContentFilter' to: [/*]
2018-03-09 14:49:00.573 [localhost-startStop-1] INFO  o.s.boot.web.servlet.FilterRegistrationBean - Mapping filter: 'requestContextFilter' to: [/*]
2018-03-09 14:49:00.715 [main] INFO  com.alibaba.druid.pool.DruidDataSource - {dataSource-1} inited
2018-03-09 14:49:00.881 [main] INFO  o.springframework.jdbc.datasource.init.ScriptUtils - Executing SQL script from URL [file:/H:/gwh/spring/SpringDataJPA/target/classes/schema.sql]
2018-03-09 14:49:00.904 [main] INFO  o.springframework.jdbc.datasource.init.ScriptUtils - Executed SQL script from URL [file:/H:/gwh/spring/SpringDataJPA/target/classes/schema.sql] in 23 ms.
2018-03-09 14:49:00.907 [main] INFO  o.springframework.jdbc.datasource.init.ScriptUtils - Executing SQL script from URL [file:/H:/gwh/spring/SpringDataJPA/target/classes/data.sql]
2018-03-09 14:49:00.921 [main] INFO  o.springframework.jdbc.datasource.init.ScriptUtils - Executed SQL script from URL [file:/H:/gwh/spring/SpringDataJPA/target/classes/data.sql] in 13 ms.
2018-03-09 14:49:01.066 [main] INFO  o.s.orm.jpa.LocalContainerEntityManagerFactoryBean - Building JPA container EntityManagerFactory for persistence unit 'default'
2018-03-09 14:49:01.079 [main] INFO  org.hibernate.jpa.internal.util.LogHelper - HHH000204: Processing PersistenceUnitInfo [
	name: default
	...]
2018-03-09 14:49:01.192 [main] INFO  org.hibernate.Version - HHH000412: Hibernate Core {5.0.12.Final}
2018-03-09 14:49:01.194 [main] INFO  org.hibernate.cfg.Environment - HHH000206: hibernate.properties not found
2018-03-09 14:49:01.196 [main] INFO  org.hibernate.cfg.Environment - HHH000021: Bytecode provider name : javassist
2018-03-09 14:49:01.248 [main] INFO  org.hibernate.annotations.common.Version - HCANN000001: Hibernate Commons Annotations {5.0.1.Final}
2018-03-09 14:49:01.398 [main] INFO  org.hibernate.dialect.Dialect - HHH000400: Using dialect: org.hibernate.dialect.MySQL5Dialect
2018-03-09 14:49:01.874 [main] INFO  o.s.orm.jpa.LocalContainerEntityManagerFactoryBean - Initialized JPA EntityManagerFactory for persistence unit 'default'
2018-03-09 14:49:02.356 [main] INFO  o.s.w.s.m.m.a.RequestMappingHandlerAdapter - Looking for @ControllerAdvice: org.springframework.boot.context.embedded.AnnotationConfigEmbeddedWebApplicationContext@6069db50: startup date [Fri Mar 09 14:48:58 CST 2018]; root of context hierarchy
2018-03-09 14:49:02.412 [main] INFO  o.s.w.s.m.m.a.RequestMappingHandlerMapping - Mapped "{[/add]}" onto public java.lang.String com.vcyber.user.controller.UserController.add()
2018-03-09 14:49:02.413 [main] INFO  o.s.w.s.m.m.a.RequestMappingHandlerMapping - Mapped "{[/delete]}" onto public java.lang.String com.vcyber.user.controller.UserController.delete(java.lang.Long)
2018-03-09 14:49:02.414 [main] INFO  o.s.w.s.m.m.a.RequestMappingHandlerMapping - Mapped "{[/list]}" onto public java.util.List<com.vcyber.user.entity.UserEntity> com.vcyber.user.controller.UserController.list()
2018-03-09 14:49:02.414 [main] INFO  o.s.w.s.m.m.a.RequestMappingHandlerMapping - Mapped "{[/deleteWhere]}" onto public java.lang.String com.vcyber.user.controller.UserController.deleteWhere()
2018-03-09 14:49:02.414 [main] INFO  o.s.w.s.m.m.a.RequestMappingHandlerMapping - Mapped "{[/cutpage]}" onto public java.util.List<com.vcyber.user.entity.UserEntity> com.vcyber.user.controller.UserController.cutPage(int)
2018-03-09 14:49:02.414 [main] INFO  o.s.w.s.m.m.a.RequestMappingHandlerMapping - Mapped "{[/age]}" onto public java.util.List<com.vcyber.user.entity.UserEntity> com.vcyber.user.controller.UserController.age(int)
2018-03-09 14:49:02.415 [main] INFO  o.s.w.s.m.m.a.RequestMappingHandlerMapping - Mapped "{[/login],methods=[POST]}" onto public com.vcyber.user.util.ResponseData com.vcyber.user.controller.UserController.login(java.lang.String,java.lang.String,java.lang.String)
2018-03-09 14:49:02.416 [main] INFO  o.s.w.s.m.m.a.RequestMappingHandlerMapping - Mapped "{[/error]}" onto public org.springframework.http.ResponseEntity<java.util.Map<java.lang.String, java.lang.Object>> org.springframework.boot.autoconfigure.web.BasicErrorController.error(javax.servlet.http.HttpServletRequest)
2018-03-09 14:49:02.417 [main] INFO  o.s.w.s.m.m.a.RequestMappingHandlerMapping - Mapped "{[/error],produces=[text/html]}" onto public org.springframework.web.servlet.ModelAndView org.springframework.boot.autoconfigure.web.BasicErrorController.errorHtml(javax.servlet.http.HttpServletRequest,javax.servlet.http.HttpServletResponse)
2018-03-09 14:49:02.440 [main] INFO  o.s.web.servlet.handler.SimpleUrlHandlerMapping - Mapped URL path [/webjars/**] onto handler of type [class org.springframework.web.servlet.resource.ResourceHttpRequestHandler]
2018-03-09 14:49:02.440 [main] INFO  o.s.web.servlet.handler.SimpleUrlHandlerMapping - Mapped URL path [/**] onto handler of type [class org.springframework.web.servlet.resource.ResourceHttpRequestHandler]
2018-03-09 14:49:02.471 [main] INFO  o.s.web.servlet.handler.SimpleUrlHandlerMapping - Mapped URL path [/**/favicon.ico] onto handler of type [class org.springframework.web.servlet.resource.ResourceHttpRequestHandler]
2018-03-09 14:49:02.735 [main] INFO  o.s.jmx.export.annotation.AnnotationMBeanExporter - Registering beans for JMX exposure on startup
2018-03-09 14:49:02.736 [main] INFO  o.s.jmx.export.annotation.AnnotationMBeanExporter - Bean with name 'dataSource' has been autodetected for JMX exposure
2018-03-09 14:49:02.740 [main] INFO  o.s.jmx.export.annotation.AnnotationMBeanExporter - Located MBean 'dataSource': registering with JMX server as MBean [com.alibaba.druid.pool:name=dataSource,type=DruidDataSource]
2018-03-09 14:49:02.749 [main] INFO  org.apache.coyote.http11.Http11NioProtocol - Initializing ProtocolHandler ["http-nio-8080"]
2018-03-09 14:49:02.757 [main] INFO  org.apache.coyote.http11.Http11NioProtocol - Starting ProtocolHandler [http-nio-8080]
2018-03-09 14:49:02.770 [main] INFO  org.apache.tomcat.util.net.NioSelectorPool - Using a shared selector for servlet write/read
2018-03-09 14:49:02.789 [main] INFO  o.s.b.c.e.tomcat.TomcatEmbeddedServletContainer - Tomcat started on port(s): 8080 (http)
2018-03-09 14:49:02.793 [main] INFO  com.vcyber.UserApplication - Started UserApplication in 4.691 seconds (JVM running for 6.692)
2018-03-09 14:49:11.950 [http-nio-8080-exec-1] INFO  org.apache.tomcat.util.http.parser.Cookie - A cookie header was received [1519628337; JSESSIONID=96EB6FF29D1E3BF7C5330667CF65A399; jeesite.session.id=ebe15732062b41539c1c5c50a368a579; Hm_lpvt_82116c626a8d504a5c0675073362ef6f=1520239079] that contained an invalid cookie. That cookie will be ignored.Note: further occurrences of this error will be logged at DEBUG level.
2018-03-09 14:49:11.956 [http-nio-8080-exec-1] INFO  o.a.c.core.ContainerBase.[Tomcat].[localhost].[/] - Initializing Spring FrameworkServlet 'dispatcherServlet'
2018-03-09 14:49:11.956 [http-nio-8080-exec-1] INFO  org.springframework.web.servlet.DispatcherServlet - FrameworkServlet 'dispatcherServlet': initialization started
2018-03-09 14:49:11.982 [http-nio-8080-exec-1] INFO  org.springframework.web.servlet.DispatcherServlet - FrameworkServlet 'dispatcherServlet': initialization completed in 26 ms
2018-03-09 14:49:49.199 [main] ERROR o.s.boot.logging.LoggingApplicationListener - Cannot set level: on for 'com.vcyber.user.controller'
2018-03-09 14:49:49.301 [main] INFO  com.vcyber.UserApplication - Starting UserApplication on gaowh with PID 21976 (H:\gwh\spring\SpringDataJPA\target\classes started by vcyber in H:\gwh\spring\SpringDataJPA)
2018-03-09 14:49:49.302 [main] INFO  com.vcyber.UserApplication - No active profile set, falling back to default profiles: default
2018-03-09 14:49:49.350 [main] INFO  o.s.b.c.e.AnnotationConfigEmbeddedWebApplicationContext - Refreshing org.springframework.boot.context.embedded.AnnotationConfigEmbeddedWebApplicationContext@6069db50: startup date [Fri Mar 09 14:49:49 CST 2018]; root of context hierarchy
2018-03-09 14:49:49.693 [background-preinit] INFO  org.hibernate.validator.internal.util.Version - HV000001: Hibernate Validator 5.3.4.Final
2018-03-09 14:49:50.905 [main] INFO  o.s.c.s.PostProcessorRegistrationDelegate$BeanPostProcessorChecker - Bean 'org.springframework.transaction.annotation.ProxyTransactionManagementConfiguration' of type [org.springframework.transaction.annotation.ProxyTransactionManagementConfiguration$$EnhancerBySpringCGLIB$$d2593a5] is not eligible for getting processed by all BeanPostProcessors (for example: not eligible for auto-proxying)
2018-03-09 14:49:51.163 [main] INFO  o.s.b.c.e.tomcat.TomcatEmbeddedServletContainer - Tomcat initialized with port(s): 8080 (http)
2018-03-09 14:49:51.172 [main] INFO  org.apache.catalina.core.StandardService - Starting service Tomcat
2018-03-09 14:49:51.173 [main] INFO  org.apache.catalina.core.StandardEngine - Starting Servlet Engine: Apache Tomcat/8.5.11
2018-03-09 14:49:51.271 [localhost-startStop-1] INFO  o.a.c.core.ContainerBase.[Tomcat].[localhost].[/] - Initializing Spring embedded WebApplicationContext
2018-03-09 14:49:51.271 [localhost-startStop-1] INFO  org.springframework.web.context.ContextLoader - Root WebApplicationContext: initialization completed in 1921 ms
2018-03-09 14:49:51.436 [localhost-startStop-1] INFO  o.s.boot.web.servlet.ServletRegistrationBean - Mapping servlet: 'dispatcherServlet' to [/]
2018-03-09 14:49:51.445 [localhost-startStop-1] INFO  o.s.boot.web.servlet.FilterRegistrationBean - Mapping filter: 'characterEncodingFilter' to: [/*]
2018-03-09 14:49:51.445 [localhost-startStop-1] INFO  o.s.boot.web.servlet.FilterRegistrationBean - Mapping filter: 'hiddenHttpMethodFilter' to: [/*]
2018-03-09 14:49:51.446 [localhost-startStop-1] INFO  o.s.boot.web.servlet.FilterRegistrationBean - Mapping filter: 'httpPutFormContentFilter' to: [/*]
2018-03-09 14:49:51.446 [localhost-startStop-1] INFO  o.s.boot.web.servlet.FilterRegistrationBean - Mapping filter: 'requestContextFilter' to: [/*]
2018-03-09 14:49:51.641 [main] INFO  com.alibaba.druid.pool.DruidDataSource - {dataSource-1} inited
2018-03-09 14:49:51.774 [main] INFO  o.springframework.jdbc.datasource.init.ScriptUtils - Executing SQL script from URL [file:/H:/gwh/spring/SpringDataJPA/target/classes/schema.sql]
2018-03-09 14:49:51.800 [main] INFO  o.springframework.jdbc.datasource.init.ScriptUtils - Executed SQL script from URL [file:/H:/gwh/spring/SpringDataJPA/target/classes/schema.sql] in 25 ms.
2018-03-09 14:49:51.804 [main] INFO  o.springframework.jdbc.datasource.init.ScriptUtils - Executing SQL script from URL [file:/H:/gwh/spring/SpringDataJPA/target/classes/data.sql]
2018-03-09 14:49:51.817 [main] INFO  o.springframework.jdbc.datasource.init.ScriptUtils - Executed SQL script from URL [file:/H:/gwh/spring/SpringDataJPA/target/classes/data.sql] in 13 ms.
2018-03-09 14:49:51.916 [main] INFO  o.s.orm.jpa.LocalContainerEntityManagerFactoryBean - Building JPA container EntityManagerFactory for persistence unit 'default'
2018-03-09 14:49:51.926 [main] INFO  org.hibernate.jpa.internal.util.LogHelper - HHH000204: Processing PersistenceUnitInfo [
	name: default
	...]
2018-03-09 14:49:51.983 [main] INFO  org.hibernate.Version - HHH000412: Hibernate Core {5.0.12.Final}
2018-03-09 14:49:51.984 [main] INFO  org.hibernate.cfg.Environment - HHH000206: hibernate.properties not found
2018-03-09 14:49:51.986 [main] INFO  org.hibernate.cfg.Environment - HHH000021: Bytecode provider name : javassist
2018-03-09 14:49:52.027 [main] INFO  org.hibernate.annotations.common.Version - HCANN000001: Hibernate Commons Annotations {5.0.1.Final}
2018-03-09 14:49:52.129 [main] INFO  org.hibernate.dialect.Dialect - HHH000400: Using dialect: org.hibernate.dialect.MySQL5Dialect
2018-03-09 14:49:52.594 [main] INFO  o.s.orm.jpa.LocalContainerEntityManagerFactoryBean - Initialized JPA EntityManagerFactory for persistence unit 'default'
2018-03-09 14:49:53.318 [main] INFO  o.s.w.s.m.m.a.RequestMappingHandlerMapping - Mapped "{[/add]}" onto public java.lang.String com.vcyber.user.controller.UserController.add()
2018-03-09 14:49:53.321 [main] INFO  o.s.w.s.m.m.a.RequestMappingHandlerMapping - Mapped "{[/delete]}" onto public java.lang.String com.vcyber.user.controller.UserController.delete(java.lang.Long)
2018-03-09 14:49:53.322 [main] INFO  o.s.w.s.m.m.a.RequestMappingHandlerMapping - Mapped "{[/list]}" onto public java.util.List<com.vcyber.user.entity.UserEntity> com.vcyber.user.controller.UserController.list()
2018-03-09 14:49:53.322 [main] INFO  o.s.w.s.m.m.a.RequestMappingHandlerMapping - Mapped "{[/deleteWhere]}" onto public java.lang.String com.vcyber.user.controller.UserController.deleteWhere()
2018-03-09 14:49:53.322 [main] INFO  o.s.w.s.m.m.a.RequestMappingHandlerMapping - Mapped "{[/cutpage]}" onto public java.util.List<com.vcyber.user.entity.UserEntity> com.vcyber.user.controller.UserController.cutPage(int)
2018-03-09 14:49:53.323 [main] INFO  o.s.w.s.m.m.a.RequestMappingHandlerMapping - Mapped "{[/login],methods=[POST]}" onto public com.vcyber.user.util.ResponseData com.vcyber.user.controller.UserController.login(java.lang.String,java.lang.String,java.lang.String)
2018-03-09 14:49:53.323 [main] INFO  o.s.w.s.m.m.a.RequestMappingHandlerMapping - Mapped "{[/age]}" onto public java.util.List<com.vcyber.user.entity.UserEntity> com.vcyber.user.controller.UserController.age(int)
2018-03-09 14:49:53.324 [main] INFO  o.s.w.s.m.m.a.RequestMappingHandlerMapping - Mapped "{[/v2/api-docs],methods=[GET],produces=[application/json || application/hal+json]}" onto public org.springframework.http.ResponseEntity<springfox.documentation.spring.web.json.Json> springfox.documentation.swagger2.web.Swagger2Controller.getDocumentation(java.lang.String,javax.servlet.http.HttpServletRequest)
2018-03-09 14:49:53.330 [main] INFO  o.s.w.s.m.m.a.RequestMappingHandlerMapping - Mapped "{[/swagger-resources/configuration/security]}" onto org.springframework.http.ResponseEntity<springfox.documentation.swagger.web.SecurityConfiguration> springfox.documentation.swagger.web.ApiResourceController.securityConfiguration()
2018-03-09 14:49:53.331 [main] INFO  o.s.w.s.m.m.a.RequestMappingHandlerMapping - Mapped "{[/swagger-resources]}" onto org.springframework.http.ResponseEntity<java.util.List<springfox.documentation.swagger.web.SwaggerResource>> springfox.documentation.swagger.web.ApiResourceController.swaggerResources()
2018-03-09 14:49:53.332 [main] INFO  o.s.w.s.m.m.a.RequestMappingHandlerMapping - Mapped "{[/swagger-resources/configuration/ui]}" onto org.springframework.http.ResponseEntity<springfox.documentation.swagger.web.UiConfiguration> springfox.documentation.swagger.web.ApiResourceController.uiConfiguration()
2018-03-09 14:49:53.336 [main] INFO  o.s.w.s.m.m.a.RequestMappingHandlerMapping - Mapped "{[/error]}" onto public org.springframework.http.ResponseEntity<java.util.Map<java.lang.String, java.lang.Object>> org.springframework.boot.autoconfigure.web.BasicErrorController.error(javax.servlet.http.HttpServletRequest)
2018-03-09 14:49:53.337 [main] INFO  o.s.w.s.m.m.a.RequestMappingHandlerMapping - Mapped "{[/error],produces=[text/html]}" onto public org.springframework.web.servlet.ModelAndView org.springframework.boot.autoconfigure.web.BasicErrorController.errorHtml(javax.servlet.http.HttpServletRequest,javax.servlet.http.HttpServletResponse)
2018-03-09 14:49:53.570 [main] INFO  o.s.w.s.m.m.a.RequestMappingHandlerAdapter - Looking for @ControllerAdvice: org.springframework.boot.context.embedded.AnnotationConfigEmbeddedWebApplicationContext@6069db50: startup date [Fri Mar 09 14:49:49 CST 2018]; root of context hierarchy
2018-03-09 14:49:53.628 [main] INFO  o.s.web.servlet.handler.SimpleUrlHandlerMapping - Mapped URL path [/webjars/**] onto handler of type [class org.springframework.web.servlet.resource.ResourceHttpRequestHandler]
2018-03-09 14:49:53.628 [main] INFO  o.s.web.servlet.handler.SimpleUrlHandlerMapping - Mapped URL path [/**] onto handler of type [class org.springframework.web.servlet.resource.ResourceHttpRequestHandler]
2018-03-09 14:49:53.676 [main] INFO  o.s.web.servlet.handler.SimpleUrlHandlerMapping - Mapped URL path [/**/favicon.ico] onto handler of type [class org.springframework.web.servlet.resource.ResourceHttpRequestHandler]
2018-03-09 14:49:53.946 [main] INFO  o.s.jmx.export.annotation.AnnotationMBeanExporter - Registering beans for JMX exposure on startup
2018-03-09 14:49:53.948 [main] INFO  o.s.jmx.export.annotation.AnnotationMBeanExporter - Bean with name 'dataSource' has been autodetected for JMX exposure
2018-03-09 14:49:53.953 [main] INFO  o.s.jmx.export.annotation.AnnotationMBeanExporter - Located MBean 'dataSource': registering with JMX server as MBean [com.alibaba.druid.pool:name=dataSource,type=DruidDataSource]
2018-03-09 14:49:53.956 [main] INFO  o.s.context.support.DefaultLifecycleProcessor - Starting beans in phase 2147483647
2018-03-09 14:49:53.956 [main] INFO  s.d.s.web.plugins.DocumentationPluginsBootstrapper - Context refreshed
2018-03-09 14:49:53.969 [main] INFO  s.d.s.web.plugins.DocumentationPluginsBootstrapper - Found 1 custom documentation plugin(s)
2018-03-09 14:49:53.981 [main] INFO  s.d.spring.web.scanners.ApiListingReferenceScanner - Scanning for api listing references
2018-03-09 14:49:54.002 [main] INFO  org.apache.coyote.http11.Http11NioProtocol - Initializing ProtocolHandler ["http-nio-8080"]
2018-03-09 14:49:54.010 [main] INFO  org.apache.coyote.http11.Http11NioProtocol - Starting ProtocolHandler [http-nio-8080]
2018-03-09 14:49:54.023 [main] INFO  org.apache.tomcat.util.net.NioSelectorPool - Using a shared selector for servlet write/read
2018-03-09 14:49:54.039 [main] INFO  o.s.b.c.e.tomcat.TomcatEmbeddedServletContainer - Tomcat started on port(s): 8080 (http)
2018-03-09 14:49:54.043 [main] INFO  com.vcyber.UserApplication - Started UserApplication in 5.129 seconds (JVM running for 6.06)
2018-03-09 14:50:04.136 [http-nio-8080-exec-1] INFO  org.apache.tomcat.util.http.parser.Cookie - A cookie header was received [1519628337; JSESSIONID=96EB6FF29D1E3BF7C5330667CF65A399; jeesite.session.id=ebe15732062b41539c1c5c50a368a579; Hm_lpvt_82116c626a8d504a5c0675073362ef6f=1520239079] that contained an invalid cookie. That cookie will be ignored.Note: further occurrences of this error will be logged at DEBUG level.
2018-03-09 14:50:04.145 [http-nio-8080-exec-1] INFO  o.a.c.core.ContainerBase.[Tomcat].[localhost].[/] - Initializing Spring FrameworkServlet 'dispatcherServlet'
2018-03-09 14:50:04.145 [http-nio-8080-exec-1] INFO  org.springframework.web.servlet.DispatcherServlet - FrameworkServlet 'dispatcherServlet': initialization started
2018-03-09 14:50:04.167 [http-nio-8080-exec-1] INFO  org.springframework.web.servlet.DispatcherServlet - FrameworkServlet 'dispatcherServlet': initialization completed in 22 ms
2018-03-09 14:51:08.319 [main] ERROR o.s.boot.logging.LoggingApplicationListener - Cannot set level: on for 'com.vcyber.user.controller'
2018-03-09 14:51:08.472 [main] INFO  com.vcyber.UserApplication - Starting UserApplication on gaowh with PID 37572 (H:\gwh\spring\SpringDataJPA\target\classes started by vcyber in H:\gwh\spring\SpringDataJPA)
2018-03-09 14:51:08.472 [main] INFO  com.vcyber.UserApplication - No active profile set, falling back to default profiles: default
2018-03-09 14:51:08.519 [main] INFO  o.s.b.c.e.AnnotationConfigEmbeddedWebApplicationContext - Refreshing org.springframework.boot.context.embedded.AnnotationConfigEmbeddedWebApplicationContext@4efbca5a: startup date [Fri Mar 09 14:51:08 CST 2018]; root of context hierarchy
2018-03-09 14:51:08.758 [background-preinit] INFO  org.hibernate.validator.internal.util.Version - HV000001: Hibernate Validator 5.3.4.Final
2018-03-09 14:51:09.997 [main] INFO  o.s.c.s.PostProcessorRegistrationDelegate$BeanPostProcessorChecker - Bean 'org.springframework.transaction.annotation.ProxyTransactionManagementConfiguration' of type [org.springframework.transaction.annotation.ProxyTransactionManagementConfiguration$$EnhancerBySpringCGLIB$$fcdb437a] is not eligible for getting processed by all BeanPostProcessors (for example: not eligible for auto-proxying)
2018-03-09 14:51:10.250 [main] INFO  o.s.b.c.e.tomcat.TomcatEmbeddedServletContainer - Tomcat initialized with port(s): 8080 (http)
2018-03-09 14:51:10.258 [main] INFO  org.apache.catalina.core.StandardService - Starting service Tomcat
2018-03-09 14:51:10.259 [main] INFO  org.apache.catalina.core.StandardEngine - Starting Servlet Engine: Apache Tomcat/8.5.11
2018-03-09 14:51:10.355 [localhost-startStop-1] INFO  o.a.c.core.ContainerBase.[Tomcat].[localhost].[/] - Initializing Spring embedded WebApplicationContext
2018-03-09 14:51:10.355 [localhost-startStop-1] INFO  org.springframework.web.context.ContextLoader - Root WebApplicationContext: initialization completed in 1836 ms
2018-03-09 14:51:10.509 [localhost-startStop-1] INFO  o.s.boot.web.servlet.ServletRegistrationBean - Mapping servlet: 'dispatcherServlet' to [/]
2018-03-09 14:51:10.514 [localhost-startStop-1] INFO  o.s.boot.web.servlet.FilterRegistrationBean - Mapping filter: 'characterEncodingFilter' to: [/*]
2018-03-09 14:51:10.514 [localhost-startStop-1] INFO  o.s.boot.web.servlet.FilterRegistrationBean - Mapping filter: 'hiddenHttpMethodFilter' to: [/*]
2018-03-09 14:51:10.515 [localhost-startStop-1] INFO  o.s.boot.web.servlet.FilterRegistrationBean - Mapping filter: 'httpPutFormContentFilter' to: [/*]
2018-03-09 14:51:10.515 [localhost-startStop-1] INFO  o.s.boot.web.servlet.FilterRegistrationBean - Mapping filter: 'requestContextFilter' to: [/*]
2018-03-09 14:51:10.650 [main] INFO  com.alibaba.druid.pool.DruidDataSource - {dataSource-1} inited
2018-03-09 14:51:10.787 [main] INFO  o.springframework.jdbc.datasource.init.ScriptUtils - Executing SQL script from URL [file:/H:/gwh/spring/SpringDataJPA/target/classes/schema.sql]
2018-03-09 14:51:10.811 [main] INFO  o.springframework.jdbc.datasource.init.ScriptUtils - Executed SQL script from URL [file:/H:/gwh/spring/SpringDataJPA/target/classes/schema.sql] in 24 ms.
2018-03-09 14:51:10.814 [main] INFO  o.springframework.jdbc.datasource.init.ScriptUtils - Executing SQL script from URL [file:/H:/gwh/spring/SpringDataJPA/target/classes/data.sql]
2018-03-09 14:51:10.826 [main] INFO  o.springframework.jdbc.datasource.init.ScriptUtils - Executed SQL script from URL [file:/H:/gwh/spring/SpringDataJPA/target/classes/data.sql] in 11 ms.
2018-03-09 14:51:10.919 [main] INFO  o.s.orm.jpa.LocalContainerEntityManagerFactoryBean - Building JPA container EntityManagerFactory for persistence unit 'default'
2018-03-09 14:51:10.928 [main] INFO  org.hibernate.jpa.internal.util.LogHelper - HHH000204: Processing PersistenceUnitInfo [
	name: default
	...]
2018-03-09 14:51:10.978 [main] INFO  org.hibernate.Version - HHH000412: Hibernate Core {5.0.12.Final}
2018-03-09 14:51:10.979 [main] INFO  org.hibernate.cfg.Environment - HHH000206: hibernate.properties not found
2018-03-09 14:51:10.981 [main] INFO  org.hibernate.cfg.Environment - HHH000021: Bytecode provider name : javassist
2018-03-09 14:51:11.029 [main] INFO  org.hibernate.annotations.common.Version - HCANN000001: Hibernate Commons Annotations {5.0.1.Final}
2018-03-09 14:51:11.157 [main] INFO  org.hibernate.dialect.Dialect - HHH000400: Using dialect: org.hibernate.dialect.MySQL5Dialect
2018-03-09 14:51:11.624 [main] INFO  o.s.orm.jpa.LocalContainerEntityManagerFactoryBean - Initialized JPA EntityManagerFactory for persistence unit 'default'
2018-03-09 14:51:12.278 [main] INFO  o.s.w.s.m.m.a.RequestMappingHandlerMapping - Mapped "{[/add]}" onto public java.lang.String com.vcyber.user.controller.UserController.add()
2018-03-09 14:51:12.280 [main] INFO  o.s.w.s.m.m.a.RequestMappingHandlerMapping - Mapped "{[/delete]}" onto public java.lang.String com.vcyber.user.controller.UserController.delete(java.lang.Long)
2018-03-09 14:51:12.280 [main] INFO  o.s.w.s.m.m.a.RequestMappingHandlerMapping - Mapped "{[/list]}" onto public java.util.List<com.vcyber.user.entity.UserEntity> com.vcyber.user.controller.UserController.list()
2018-03-09 14:51:12.280 [main] INFO  o.s.w.s.m.m.a.RequestMappingHandlerMapping - Mapped "{[/deleteWhere]}" onto public java.lang.String com.vcyber.user.controller.UserController.deleteWhere()
2018-03-09 14:51:12.280 [main] INFO  o.s.w.s.m.m.a.RequestMappingHandlerMapping - Mapped "{[/login],methods=[POST]}" onto public com.vcyber.user.util.ResponseData com.vcyber.user.controller.UserController.login(java.lang.String,java.lang.String,java.lang.String)
2018-03-09 14:51:12.281 [main] INFO  o.s.w.s.m.m.a.RequestMappingHandlerMapping - Mapped "{[/cutpage]}" onto public java.util.List<com.vcyber.user.entity.UserEntity> com.vcyber.user.controller.UserController.cutPage(int)
2018-03-09 14:51:12.281 [main] INFO  o.s.w.s.m.m.a.RequestMappingHandlerMapping - Mapped "{[/age]}" onto public java.util.List<com.vcyber.user.entity.UserEntity> com.vcyber.user.controller.UserController.age(int)
2018-03-09 14:51:12.281 [main] INFO  o.s.w.s.m.m.a.RequestMappingHandlerMapping - Mapped "{[/v2/api-docs],methods=[GET],produces=[application/json || application/hal+json]}" onto public org.springframework.http.ResponseEntity<springfox.documentation.spring.web.json.Json> springfox.documentation.swagger2.web.Swagger2Controller.getDocumentation(java.lang.String,javax.servlet.http.HttpServletRequest)
2018-03-09 14:51:12.285 [main] INFO  o.s.w.s.m.m.a.RequestMappingHandlerMapping - Mapped "{[/swagger-resources/configuration/ui]}" onto org.springframework.http.ResponseEntity<springfox.documentation.swagger.web.UiConfiguration> springfox.documentation.swagger.web.ApiResourceController.uiConfiguration()
2018-03-09 14:51:12.286 [main] INFO  o.s.w.s.m.m.a.RequestMappingHandlerMapping - Mapped "{[/swagger-resources]}" onto org.springframework.http.ResponseEntity<java.util.List<springfox.documentation.swagger.web.SwaggerResource>> springfox.documentation.swagger.web.ApiResourceController.swaggerResources()
2018-03-09 14:51:12.287 [main] INFO  o.s.w.s.m.m.a.RequestMappingHandlerMapping - Mapped "{[/swagger-resources/configuration/security]}" onto org.springframework.http.ResponseEntity<springfox.documentation.swagger.web.SecurityConfiguration> springfox.documentation.swagger.web.ApiResourceController.securityConfiguration()
2018-03-09 14:51:12.289 [main] INFO  o.s.w.s.m.m.a.RequestMappingHandlerMapping - Mapped "{[/error]}" onto public org.springframework.http.ResponseEntity<java.util.Map<java.lang.String, java.lang.Object>> org.springframework.boot.autoconfigure.web.BasicErrorController.error(javax.servlet.http.HttpServletRequest)
2018-03-09 14:51:12.290 [main] INFO  o.s.w.s.m.m.a.RequestMappingHandlerMapping - Mapped "{[/error],produces=[text/html]}" onto public org.springframework.web.servlet.ModelAndView org.springframework.boot.autoconfigure.web.BasicErrorController.errorHtml(javax.servlet.http.HttpServletRequest,javax.servlet.http.HttpServletResponse)
2018-03-09 14:51:12.673 [main] INFO  o.s.w.s.m.m.a.RequestMappingHandlerAdapter - Looking for @ControllerAdvice: org.springframework.boot.context.embedded.AnnotationConfigEmbeddedWebApplicationContext@4efbca5a: startup date [Fri Mar 09 14:51:08 CST 2018]; root of context hierarchy
2018-03-09 14:51:12.737 [main] INFO  o.s.web.servlet.handler.SimpleUrlHandlerMapping - Mapped URL path [/webjars/**] onto handler of type [class org.springframework.web.servlet.resource.ResourceHttpRequestHandler]
2018-03-09 14:51:12.737 [main] INFO  o.s.web.servlet.handler.SimpleUrlHandlerMapping - Mapped URL path [/**] onto handler of type [class org.springframework.web.servlet.resource.ResourceHttpRequestHandler]
2018-03-09 14:51:12.771 [main] INFO  o.s.web.servlet.handler.SimpleUrlHandlerMapping - Mapped URL path [/**/favicon.ico] onto handler of type [class org.springframework.web.servlet.resource.ResourceHttpRequestHandler]
2018-03-09 14:51:13.017 [main] INFO  o.s.jmx.export.annotation.AnnotationMBeanExporter - Registering beans for JMX exposure on startup
2018-03-09 14:51:13.020 [main] INFO  o.s.jmx.export.annotation.AnnotationMBeanExporter - Bean with name 'dataSource' has been autodetected for JMX exposure
2018-03-09 14:51:13.025 [main] INFO  o.s.jmx.export.annotation.AnnotationMBeanExporter - Located MBean 'dataSource': registering with JMX server as MBean [com.alibaba.druid.pool:name=dataSource,type=DruidDataSource]
2018-03-09 14:51:13.028 [main] INFO  o.s.context.support.DefaultLifecycleProcessor - Starting beans in phase 2147483647
2018-03-09 14:51:13.028 [main] INFO  s.d.s.web.plugins.DocumentationPluginsBootstrapper - Context refreshed
2018-03-09 14:51:13.057 [main] INFO  s.d.s.web.plugins.DocumentationPluginsBootstrapper - Found 1 custom documentation plugin(s)
2018-03-09 14:51:13.067 [main] INFO  s.d.spring.web.scanners.ApiListingReferenceScanner - Scanning for api listing references
2018-03-09 14:51:13.192 [main] INFO  org.apache.coyote.http11.Http11NioProtocol - Initializing ProtocolHandler ["http-nio-8080"]
2018-03-09 14:51:13.201 [main] INFO  org.apache.coyote.http11.Http11NioProtocol - Starting ProtocolHandler [http-nio-8080]
2018-03-09 14:51:13.214 [main] INFO  org.apache.tomcat.util.net.NioSelectorPool - Using a shared selector for servlet write/read
2018-03-09 14:51:13.236 [main] INFO  o.s.b.c.e.tomcat.TomcatEmbeddedServletContainer - Tomcat started on port(s): 8080 (http)
2018-03-09 14:51:13.240 [main] INFO  com.vcyber.UserApplication - Started UserApplication in 5.193 seconds (JVM running for 6.086)
2018-03-09 14:51:17.096 [http-nio-8080-exec-1] INFO  org.apache.tomcat.util.http.parser.Cookie - A cookie header was received [1519628337; JSESSIONID=96EB6FF29D1E3BF7C5330667CF65A399; jeesite.session.id=ebe15732062b41539c1c5c50a368a579; Hm_lpvt_82116c626a8d504a5c0675073362ef6f=1520239079] that contained an invalid cookie. That cookie will be ignored.Note: further occurrences of this error will be logged at DEBUG level.
2018-03-09 14:51:17.103 [http-nio-8080-exec-1] INFO  o.a.c.core.ContainerBase.[Tomcat].[localhost].[/] - Initializing Spring FrameworkServlet 'dispatcherServlet'
2018-03-09 14:51:17.104 [http-nio-8080-exec-1] INFO  org.springframework.web.servlet.DispatcherServlet - FrameworkServlet 'dispatcherServlet': initialization started
2018-03-09 14:51:17.127 [http-nio-8080-exec-1] INFO  org.springframework.web.servlet.DispatcherServlet - FrameworkServlet 'dispatcherServlet': initialization completed in 23 ms
2018-03-09 14:59:49.153 [main] INFO  o.s.b.t.context.SpringBootTestContextBootstrapper - Neither @ContextConfiguration nor @ContextHierarchy found for test class [com.vcyber.UserApplicationTests], using SpringBootContextLoader
2018-03-09 14:59:49.160 [main] INFO  o.s.test.context.support.AbstractContextLoader - Could not detect default resource locations for test class [com.vcyber.UserApplicationTests]: no resource found for suffixes {-context.xml, Context.groovy}.
2018-03-09 14:59:49.162 [main] INFO  o.s.t.c.support.AnnotationConfigContextLoaderUtils - Could not detect default configuration classes for test class [com.vcyber.UserApplicationTests]: UserApplicationTests does not declare any static, non-private, non-final, nested classes annotated with @Configuration.
2018-03-09 14:59:49.343 [main] INFO  o.s.b.t.context.SpringBootTestContextBootstrapper - Found @SpringBootConfiguration com.vcyber.UserApplication for test class com.vcyber.UserApplicationTests
2018-03-09 14:59:49.353 [main] INFO  o.s.b.t.context.SpringBootTestContextBootstrapper - Loaded default TestExecutionListener class names from location [META-INF/spring.factories]: [org.springframework.boot.test.mock.mockito.MockitoTestExecutionListener, org.springframework.boot.test.mock.mockito.ResetMocksTestExecutionListener, org.springframework.boot.test.autoconfigure.restdocs.RestDocsTestExecutionListener, org.springframework.boot.test.autoconfigure.web.client.MockRestServiceServerResetTestExecutionListener, org.springframework.boot.test.autoconfigure.web.servlet.MockMvcPrintOnlyOnFailureTestExecutionListener, org.springframework.boot.test.autoconfigure.web.servlet.WebDriverTestExecutionListener, org.springframework.test.context.web.ServletTestExecutionListener, org.springframework.test.context.support.DirtiesContextBeforeModesTestExecutionListener, org.springframework.test.context.support.DependencyInjectionTestExecutionListener, org.springframework.test.context.support.DirtiesContextTestExecutionListener, org.springframework.test.context.transaction.TransactionalTestExecutionListener, org.springframework.test.context.jdbc.SqlScriptsTestExecutionListener]
2018-03-09 14:59:49.387 [main] INFO  o.s.b.t.context.SpringBootTestContextBootstrapper - Using TestExecutionListeners: [org.springframework.test.context.web.ServletTestExecutionListener@6dbb137d, org.springframework.test.context.support.DirtiesContextBeforeModesTestExecutionListener@3c9d0b9d, org.springframework.boot.test.autoconfigure.SpringBootDependencyInjectionTestExecutionListener@43301423, org.springframework.test.context.support.DirtiesContextTestExecutionListener@2f112965, org.springframework.test.context.transaction.TransactionalTestExecutionListener@1a04f701, org.springframework.test.context.jdbc.SqlScriptsTestExecutionListener@4e91d63f, org.springframework.boot.test.mock.mockito.ResetMocksTestExecutionListener@d4342c2, org.springframework.boot.test.autoconfigure.web.servlet.MockMvcPrintOnlyOnFailureTestExecutionListener@2bbf180e, org.springframework.boot.test.autoconfigure.web.client.MockRestServiceServerResetTestExecutionListener@163e4e87, org.springframework.boot.test.autoconfigure.restdocs.RestDocsTestExecutionListener@56de5251, org.springframework.boot.test.mock.mockito.MockitoTestExecutionListener@419c5f1a, org.springframework.boot.test.autoconfigure.web.servlet.WebDriverTestExecutionListener@12b0404f]
2018-03-09 14:59:50.405 [main] ERROR o.s.boot.logging.LoggingApplicationListener - Cannot set level: on for 'com.vcyber.user.controller'
2018-03-09 14:59:50.543 [main] INFO  com.vcyber.UserApplicationTests - Starting UserApplicationTests on gaowh with PID 39336 (started by vcyber in H:\gwh\spring\SpringDataJPA)
2018-03-09 14:59:50.544 [main] INFO  com.vcyber.UserApplicationTests - No active profile set, falling back to default profiles: default
2018-03-09 14:59:50.590 [main] INFO  o.s.w.context.support.GenericWebApplicationContext - Refreshing org.springframework.web.context.support.GenericWebApplicationContext@740fb309: startup date [Fri Mar 09 14:59:50 CST 2018]; root of context hierarchy
2018-03-09 14:59:52.009 [background-preinit] INFO  org.hibernate.validator.internal.util.Version - HV000001: Hibernate Validator 5.3.4.Final
2018-03-09 14:59:54.452 [main] INFO  o.s.c.s.PostProcessorRegistrationDelegate$BeanPostProcessorChecker - Bean 'org.springframework.transaction.annotation.ProxyTransactionManagementConfiguration' of type [org.springframework.transaction.annotation.ProxyTransactionManagementConfiguration$$EnhancerBySpringCGLIB$$8bab8bb3] is not eligible for getting processed by all BeanPostProcessors (for example: not eligible for auto-proxying)
2018-03-09 14:59:54.781 [main] INFO  com.alibaba.druid.pool.DruidDataSource - {dataSource-1} inited
2018-03-09 14:59:55.102 [main] INFO  o.springframework.jdbc.datasource.init.ScriptUtils - Executing SQL script from URL [file:/H:/gwh/spring/SpringDataJPA/target/classes/schema.sql]
2018-03-09 14:59:55.131 [main] INFO  o.springframework.jdbc.datasource.init.ScriptUtils - Executed SQL script from URL [file:/H:/gwh/spring/SpringDataJPA/target/classes/schema.sql] in 28 ms.
2018-03-09 14:59:55.136 [main] INFO  o.springframework.jdbc.datasource.init.ScriptUtils - Executing SQL script from URL [file:/H:/gwh/spring/SpringDataJPA/target/classes/data.sql]
2018-03-09 14:59:55.146 [main] INFO  o.springframework.jdbc.datasource.init.ScriptUtils - Executed SQL script from URL [file:/H:/gwh/spring/SpringDataJPA/target/classes/data.sql] in 10 ms.
2018-03-09 14:59:55.335 [main] INFO  o.s.orm.jpa.LocalContainerEntityManagerFactoryBean - Building JPA container EntityManagerFactory for persistence unit 'default'
2018-03-09 14:59:55.374 [main] INFO  org.hibernate.jpa.internal.util.LogHelper - HHH000204: Processing PersistenceUnitInfo [
	name: default
	...]
2018-03-09 14:59:55.498 [main] INFO  org.hibernate.Version - HHH000412: Hibernate Core {5.0.12.Final}
2018-03-09 14:59:55.501 [main] INFO  org.hibernate.cfg.Environment - HHH000206: hibernate.properties not found
2018-03-09 14:59:55.508 [main] INFO  org.hibernate.cfg.Environment - HHH000021: Bytecode provider name : javassist
2018-03-09 14:59:55.602 [main] INFO  org.hibernate.annotations.common.Version - HCANN000001: Hibernate Commons Annotations {5.0.1.Final}
2018-03-09 14:59:55.785 [main] INFO  org.hibernate.dialect.Dialect - HHH000400: Using dialect: org.hibernate.dialect.MySQL5Dialect
2018-03-09 14:59:56.795 [main] INFO  o.s.orm.jpa.LocalContainerEntityManagerFactoryBean - Initialized JPA EntityManagerFactory for persistence unit 'default'
2018-03-09 14:59:58.810 [main] INFO  o.s.w.s.m.m.a.RequestMappingHandlerMapping - Mapped "{[/add]}" onto public java.lang.String com.vcyber.user.controller.UserController.add()
2018-03-09 14:59:58.812 [main] INFO  o.s.w.s.m.m.a.RequestMappingHandlerMapping - Mapped "{[/delete]}" onto public java.lang.String com.vcyber.user.controller.UserController.delete(java.lang.Long)
2018-03-09 14:59:58.813 [main] INFO  o.s.w.s.m.m.a.RequestMappingHandlerMapping - Mapped "{[/list]}" onto public java.util.List<com.vcyber.user.entity.UserEntity> com.vcyber.user.controller.UserController.list()
2018-03-09 14:59:58.815 [main] INFO  o.s.w.s.m.m.a.RequestMappingHandlerMapping - Mapped "{[/login],methods=[POST]}" onto public com.vcyber.user.util.ResponseData com.vcyber.user.controller.UserController.login(java.lang.String,java.lang.String,java.lang.String)
2018-03-09 14:59:58.828 [main] INFO  o.s.w.s.m.m.a.RequestMappingHandlerMapping - Mapped "{[/deleteWhere]}" onto public java.lang.String com.vcyber.user.controller.UserController.deleteWhere()
2018-03-09 14:59:58.829 [main] INFO  o.s.w.s.m.m.a.RequestMappingHandlerMapping - Mapped "{[/cutpage]}" onto public java.util.List<com.vcyber.user.entity.UserEntity> com.vcyber.user.controller.UserController.cutPage(int)
2018-03-09 14:59:58.829 [main] INFO  o.s.w.s.m.m.a.RequestMappingHandlerMapping - Mapped "{[/age]}" onto public java.util.List<com.vcyber.user.entity.UserEntity> com.vcyber.user.controller.UserController.age(int)
2018-03-09 14:59:58.830 [main] INFO  o.s.w.s.m.m.a.RequestMappingHandlerMapping - Mapped "{[/v2/api-docs],methods=[GET],produces=[application/json || application/hal+json]}" onto public org.springframework.http.ResponseEntity<springfox.documentation.spring.web.json.Json> springfox.documentation.swagger2.web.Swagger2Controller.getDocumentation(java.lang.String,javax.servlet.http.HttpServletRequest)
2018-03-09 14:59:58.858 [main] INFO  o.s.w.s.m.m.a.RequestMappingHandlerMapping - Mapped "{[/swagger-resources/configuration/ui]}" onto org.springframework.http.ResponseEntity<springfox.documentation.swagger.web.UiConfiguration> springfox.documentation.swagger.web.ApiResourceController.uiConfiguration()
2018-03-09 14:59:58.858 [main] INFO  o.s.w.s.m.m.a.RequestMappingHandlerMapping - Mapped "{[/swagger-resources/configuration/security]}" onto org.springframework.http.ResponseEntity<springfox.documentation.swagger.web.SecurityConfiguration> springfox.documentation.swagger.web.ApiResourceController.securityConfiguration()
2018-03-09 14:59:58.861 [main] INFO  o.s.w.s.m.m.a.RequestMappingHandlerMapping - Mapped "{[/swagger-resources]}" onto org.springframework.http.ResponseEntity<java.util.List<springfox.documentation.swagger.web.SwaggerResource>> springfox.documentation.swagger.web.ApiResourceController.swaggerResources()
2018-03-09 14:59:58.870 [main] INFO  o.s.w.s.m.m.a.RequestMappingHandlerMapping - Mapped "{[/error]}" onto public org.springframework.http.ResponseEntity<java.util.Map<java.lang.String, java.lang.Object>> org.springframework.boot.autoconfigure.web.BasicErrorController.error(javax.servlet.http.HttpServletRequest)
2018-03-09 14:59:58.871 [main] INFO  o.s.w.s.m.m.a.RequestMappingHandlerMapping - Mapped "{[/error],produces=[text/html]}" onto public org.springframework.web.servlet.ModelAndView org.springframework.boot.autoconfigure.web.BasicErrorController.errorHtml(javax.servlet.http.HttpServletRequest,javax.servlet.http.HttpServletResponse)
2018-03-09 14:59:59.671 [main] INFO  o.s.w.s.m.m.a.RequestMappingHandlerAdapter - Looking for @ControllerAdvice: org.springframework.web.context.support.GenericWebApplicationContext@740fb309: startup date [Fri Mar 09 14:59:50 CST 2018]; root of context hierarchy
2018-03-09 14:59:59.752 [main] INFO  o.s.web.servlet.handler.SimpleUrlHandlerMapping - Mapped URL path [/webjars/**] onto handler of type [class org.springframework.web.servlet.resource.ResourceHttpRequestHandler]
2018-03-09 14:59:59.752 [main] INFO  o.s.web.servlet.handler.SimpleUrlHandlerMapping - Mapped URL path [/**] onto handler of type [class org.springframework.web.servlet.resource.ResourceHttpRequestHandler]
2018-03-09 14:59:59.810 [main] INFO  o.s.web.servlet.handler.SimpleUrlHandlerMapping - Mapped URL path [/**/favicon.ico] onto handler of type [class org.springframework.web.servlet.resource.ResourceHttpRequestHandler]
2018-03-09 15:00:00.266 [main] INFO  o.s.context.support.DefaultLifecycleProcessor - Starting beans in phase 2147483647
2018-03-09 15:00:00.267 [main] INFO  s.d.s.web.plugins.DocumentationPluginsBootstrapper - Context refreshed
2018-03-09 15:00:00.298 [main] INFO  s.d.s.web.plugins.DocumentationPluginsBootstrapper - Found 1 custom documentation plugin(s)
2018-03-09 15:00:00.316 [main] INFO  s.d.spring.web.scanners.ApiListingReferenceScanner - Scanning for api listing references
2018-03-09 15:00:00.604 [main] INFO  com.vcyber.UserApplicationTests - Started UserApplicationTests in 10.845 seconds (JVM running for 12.689)
2018-03-09 15:00:00.684 [Thread-2] INFO  o.s.w.context.support.GenericWebApplicationContext - Closing org.springframework.web.context.support.GenericWebApplicationContext@740fb309: startup date [Fri Mar 09 14:59:50 CST 2018]; root of context hierarchy
2018-03-09 15:00:00.686 [Thread-2] INFO  o.s.context.support.DefaultLifecycleProcessor - Stopping beans in phase 2147483647
2018-03-09 15:00:00.693 [Thread-2] INFO  o.s.orm.jpa.LocalContainerEntityManagerFactoryBean - Closing JPA EntityManagerFactory for persistence unit 'default'
2018-03-09 15:00:00.699 [Thread-2] INFO  com.alibaba.druid.pool.DruidDataSource - {dataSource-1} closed
